<?xml version="1.0" encoding="UTF-8"?>
<!-- Generated by org.testng.reporters.JUnitReportReporter -->
<testsuite hostname="LAPTOP-CDMIHFB2" failures="0" tests="3" name="com.mindtree.runner.TestRunner" time="22.931" errors="0" timestamp="2021-12-31T14:03:16 IST" skipped="0">
  <testcase classname="com.mindtree.runner.TestRunner" name="runScenario" time="7.641"/>
  <testcase classname="com.mindtree.runner.TestRunner" name="runScenario" time="7.629"/>
  <testcase classname="com.mindtree.runner.TestRunner" name="runScenario" time="7.661"/>
</testsuite> <!-- com.mindtree.runner.TestRunner -->
